{"numTotalTestSuites":364,"numPassedTestSuites":249,"numFailedTestSuites":115,"numPendingTestSuites":0,"numTotalTests":573,"numPassedTests":436,"numFailedTests":137,"numPendingTests":0,"numTodoTests":0,"snapshot":{"added":0,"failure":false,"filesAdded":0,"filesRemoved":0,"filesRemovedList":[],"filesUnmatched":0,"filesUpdated":0,"matched":0,"total":0,"unchecked":0,"uncheckedKeysByFile":[],"unmatched":0,"updated":0,"didUpdate":false},"startTime":1762008402676,"success":false,"testResults":[{"assertionResults":[],"startTime":1762008402676,"endTime":1762008402676,"status":"passed","message":"","name":"/home/patrice/claude/workflow/mobile/__tests__/ApiClient.test.ts"},{"assertionResults":[],"startTime":1762008402676,"endTime":1762008402676,"status":"passed","message":"","name":"/home/patrice/claude/workflow/mobile/__tests__/SyncService.test.ts"},{"assertionResults":[],"startTime":1762008402676,"endTime":1762008402676,"status":"passed","message":"","name":"/home/patrice/claude/workflow/mobile/__tests__/WorkflowService.test.ts"},{"assertionResults":[],"startTime":1762008402676,"endTime":1762008402676,"status":"passed","message":"","name":"/home/patrice/claude/workflow/src/__tests__/advancedFlowNodes.test.ts"},{"assertionResults":[],"startTime":1762008402676,"endTime":1762008402676,"status":"passed","message":"","name":"/home/patrice/claude/workflow/src/__tests__/advancedSecurity.test.ts"},{"assertionResults":[],"startTime":1762008402676,"endTime":1762008402676,"status":"passed","message":"","name":"/home/patrice/claude/workflow/src/__tests__/advancedTesting.test.ts"},{"assertionResults":[],"startTime":1762008402676,"endTime":1762008402676,"status":"passed","message":"","name":"/home/patrice/claude/workflow/src/__tests__/agentAsToolSystem.test.ts"},{"assertionResults":[{"ancestorTitles":["AgenticWorkflowEngine","Pattern Execution"],"fullName":"AgenticWorkflowEngine Pattern Execution should execute sequential pattern","status":"passed","title":"should execute sequential pattern","duration":3.7084389999508858,"failureMessages":[],"meta":{}},{"ancestorTitles":["AgenticWorkflowEngine","Pattern Execution"],"fullName":"AgenticWorkflowEngine Pattern Execution should execute parallel pattern","status":"passed","title":"should execute parallel pattern","duration":1.8457079995423555,"failureMessages":[],"meta":{}},{"ancestorTitles":["AgenticWorkflowEngine","Pattern Execution"],"fullName":"AgenticWorkflowEngine Pattern Execution should execute orchestrator-workers pattern","status":"passed","title":"should execute orchestrator-workers pattern","duration":2.7551659997552633,"failureMessages":[],"meta":{}},{"ancestorTitles":["AgenticWorkflowEngine","Pattern Execution"],"fullName":"AgenticWorkflowEngine Pattern Execution should execute routing pattern","status":"passed","title":"should execute routing pattern","duration":1.7237650007009506,"failureMessages":[],"meta":{}},{"ancestorTitles":["AgenticWorkflowEngine","Pattern Execution"],"fullName":"AgenticWorkflowEngine Pattern Execution should execute hierarchical pattern","status":"passed","title":"should execute hierarchical pattern","duration":2.8225410003215075,"failureMessages":[],"meta":{}},{"ancestorTitles":["AgenticWorkflowEngine","Pattern Execution"],"fullName":"AgenticWorkflowEngine Pattern Execution should execute feedback-loop pattern","status":"passed","title":"should execute feedback-loop pattern","duration":1.8506230004131794,"failureMessages":[],"meta":{}},{"ancestorTitles":["AgenticWorkflowEngine","Pattern Execution"],"fullName":"AgenticWorkflowEngine Pattern Execution should execute consensus pattern","status":"passed","title":"should execute consensus pattern","duration":2.8355940002948046,"failureMessages":[],"meta":{}},{"ancestorTitles":["AgenticWorkflowEngine","Pattern Execution"],"fullName":"AgenticWorkflowEngine Pattern Execution should execute competitive pattern","status":"failed","title":"should execute competitive pattern","duration":2.670576000586152,"failureMessages":["AssertionError: expected undefined to be 3 // Object.is equality\n    at /home/patrice/claude/workflow/src/__tests__/agenticWorkflow.test.ts:175:48\n    at file:///home/patrice/claude/workflow/node_modules/@vitest/runner/dist/chunk-hooks.js:752:20"],"meta":{}},{"ancestorTitles":["AgenticWorkflowEngine","Pattern Execution"],"fullName":"AgenticWorkflowEngine Pattern Execution should execute collaborative-refinement pattern","status":"passed","title":"should execute collaborative-refinement pattern","duration":2.1876149997115135,"failureMessages":[],"meta":{}},{"ancestorTitles":["AgenticWorkflowEngine","Pattern Selection"],"fullName":"AgenticWorkflowEngine Pattern Selection should auto-select optimal pattern","status":"passed","title":"should auto-select optimal pattern","duration":1.8043159991502762,"failureMessages":[],"meta":{}},{"ancestorTitles":["AgenticWorkflowEngine","Pattern Selection"],"fullName":"AgenticWorkflowEngine Pattern Selection should select consensus for consensus tasks","status":"passed","title":"should select consensus for consensus tasks","duration":1.3634100016206503,"failureMessages":[],"meta":{}},{"ancestorTitles":["AgenticWorkflowEngine","Pattern Composition"],"fullName":"AgenticWorkflowEngine Pattern Composition should compose multiple patterns","status":"passed","title":"should compose multiple patterns","duration":2.051518000662327,"failureMessages":[],"meta":{}},{"ancestorTitles":["AgenticWorkflowEngine","Metrics and Performance"],"fullName":"AgenticWorkflowEngine Metrics and Performance should track pattern metrics","status":"passed","title":"should track pattern metrics","duration":1.4931480009108782,"failureMessages":[],"meta":{}},{"ancestorTitles":["AgenticWorkflowEngine","Metrics and Performance"],"fullName":"AgenticWorkflowEngine Metrics and Performance should calculate ROI","status":"passed","title":"should calculate ROI","duration":1.3611399997025728,"failureMessages":[],"meta":{}},{"ancestorTitles":["AgenticWorkflowEngine","Metrics and Performance"],"fullName":"AgenticWorkflowEngine Metrics and Performance should generate performance report","status":"passed","title":"should generate performance report","duration":1.610029000788927,"failureMessages":[],"meta":{}},{"ancestorTitles":["AgenticWorkflowEngine","Error Handling"],"fullName":"AgenticWorkflowEngine Error Handling should handle initialization error","status":"passed","title":"should handle initialization error","duration":1.799523999914527,"failureMessages":[],"meta":{}},{"ancestorTitles":["AgenticWorkflowEngine","Error Handling"],"fullName":"AgenticWorkflowEngine Error Handling should handle unknown pattern","status":"passed","title":"should handle unknown pattern","duration":1.1247619986534119,"failureMessages":[],"meta":{}},{"ancestorTitles":["AgentTeamManager"],"fullName":"AgentTeamManager should register agents with specialization","status":"passed","title":"should register agents with specialization","duration":0.8479510005563498,"failureMessages":[],"meta":{}},{"ancestorTitles":["AgentTeamManager"],"fullName":"AgentTeamManager should create team with optimal composition","status":"passed","title":"should create team with optimal composition","duration":0.8224650006741285,"failureMessages":[],"meta":{}},{"ancestorTitles":["AgentTeamManager"],"fullName":"AgentTeamManager should get agents by specialization","status":"passed","title":"should get agents by specialization","duration":0.5591279994696379,"failureMessages":[],"meta":{}},{"ancestorTitles":["AgentTeamManager"],"fullName":"AgentTeamManager should update agent load","status":"passed","title":"should update agent load","duration":1.7275200001895428,"failureMessages":[],"meta":{}},{"ancestorTitles":["AgentTeamManager"],"fullName":"AgentTeamManager should get optimal agent for task","status":"passed","title":"should get optimal agent for task","duration":0.651418000459671,"failureMessages":[],"meta":{}},{"ancestorTitles":["InterAgentCommunication"],"fullName":"InterAgentCommunication should initialize successfully","status":"passed","title":"should initialize successfully","duration":0.47109299898147583,"failureMessages":[],"meta":{}},{"ancestorTitles":["InterAgentCommunication"],"fullName":"InterAgentCommunication should subscribe and publish messages","status":"passed","title":"should subscribe and publish messages","duration":50.04562599956989,"failureMessages":[],"meta":{}},{"ancestorTitles":["InterAgentCommunication"],"fullName":"InterAgentCommunication should broadcast messages","status":"passed","title":"should broadcast messages","duration":51.20659799873829,"failureMessages":[],"meta":{}},{"ancestorTitles":["InterAgentCommunication"],"fullName":"InterAgentCommunication should manage shared memory","status":"passed","title":"should manage shared memory","duration":0.7331140004098415,"failureMessages":[],"meta":{}},{"ancestorTitles":["InterAgentCommunication"],"fullName":"InterAgentCommunication should delete shared memory","status":"passed","title":"should delete shared memory","duration":0.4002790004014969,"failureMessages":[],"meta":{}},{"ancestorTitles":["InterAgentCommunication"],"fullName":"InterAgentCommunication should emit and listen to events","status":"failed","title":"should emit and listen to events","duration":1.6274939998984337,"failureMessages":["Error: done() callback is deprecated, use promise instead\n    at context (file:///home/patrice/claude/workflow/node_modules/@vitest/runner/dist/chunk-hooks.js:1926:9)\n    at EventEmitter.<anonymous> (/home/patrice/claude/workflow/src/__tests__/agenticWorkflow.test.ts:467:7)\n    at EventEmitter.emit (/home/patrice/claude/workflow/node_modules/events/events.js:153:5)\n    at InterAgentCommunication.emit (/home/patrice/claude/workflow/src/agentic/InterAgentCommunication.ts:219:19)\n    at /home/patrice/claude/workflow/src/__tests__/agenticWorkflow.test.ts:470:19\n    at file:///home/patrice/claude/workflow/node_modules/@vitest/runner/dist/chunk-hooks.js:155:11\n    at file:///home/patrice/claude/workflow/node_modules/@vitest/runner/dist/chunk-hooks.js:752:26\n    at file:///home/patrice/claude/workflow/node_modules/@vitest/runner/dist/chunk-hooks.js:1897:20\n    at new Promise (<anonymous>)\n    at runWithTimeout (file:///home/patrice/claude/workflow/node_modules/@vitest/runner/dist/chunk-hooks.js:1863:10)"],"meta":{}},{"ancestorTitles":["InterAgentCommunication"],"fullName":"InterAgentCommunication should track statistics","status":"passed","title":"should track statistics","duration":0.49914400093257427,"failureMessages":[],"meta":{}},{"ancestorTitles":["ConflictResolver"],"fullName":"ConflictResolver should create conflict","status":"passed","title":"should create conflict","duration":1.135003998875618,"failureMessages":[],"meta":{}},{"ancestorTitles":["ConflictResolver"],"fullName":"ConflictResolver should resolve by voting","status":"passed","title":"should resolve by voting","duration":0.7826300002634525,"failureMessages":[],"meta":{}},{"ancestorTitles":["ConflictResolver"],"fullName":"ConflictResolver should resolve by weighted voting","status":"passed","title":"should resolve by weighted voting","duration":0.7264009993523359,"failureMessages":[],"meta":{}},{"ancestorTitles":["ConflictResolver"],"fullName":"ConflictResolver should resolve by best confidence","status":"passed","title":"should resolve by best confidence","duration":0.8654690012335777,"failureMessages":[],"meta":{}},{"ancestorTitles":["ConflictResolver"],"fullName":"ConflictResolver should track resolution statistics","status":"passed","title":"should track resolution statistics","duration":0.880001999437809,"failureMessages":[],"meta":{}},{"ancestorTitles":["Integration Tests"],"fullName":"Integration Tests should execute end-to-end agentic workflow","status":"passed","title":"should execute end-to-end agentic workflow","duration":1.7387250009924173,"failureMessages":[],"meta":{}}],"startTime":1762008907017,"endTime":1762008907168.7388,"status":"failed","message":"","name":"/home/patrice/claude/workflow/src/__tests__/agenticWorkflow.test.ts"},{"assertionResults":[],"startTime":1762008402676,"endTime":1762008402676,"status":"passed","message":"","name":"/home/patrice/claude/workflow/src/__tests__/aiSuggestions.test.ts"},{"assertionResults":[{"ancestorTitles":["AITemplateGenerator","Template Generation"],"fullName":"AITemplateGenerator Template Generation should generate template from simple description","status":"passed","title":"should generate template from simple description","duration":7.442461999133229,"failureMessages":[],"meta":{}},{"ancestorTitles":["AITemplateGenerator","Template Generation"],"fullName":"AITemplateGenerator Template Generation should generate e-commerce order processing template","status":"failed","title":"should generate e-commerce order processing template","duration":3.609033999964595,"failureMessages":["AssertionError: expected 'data_processing' to be 'ecommerce' // Object.is equality\n    at /home/patrice/claude/workflow/src/__tests__/aiTemplateGenerator.test.ts:36:33\n    at file:///home/patrice/claude/workflow/node_modules/@vitest/runner/dist/chunk-hooks.js:752:20"],"meta":{}},{"ancestorTitles":["AITemplateGenerator","Template Generation"],"fullName":"AITemplateGenerator Template Generation should generate social media monitoring template","status":"failed","title":"should generate social media monitoring template","duration":2.1372239999473095,"failureMessages":["AssertionError: expected 'notifications' to be 'social_media' // Object.is equality\n    at /home/patrice/claude/workflow/src/__tests__/aiTemplateGenerator.test.ts:44:33\n    at file:///home/patrice/claude/workflow/node_modules/@vitest/runner/dist/chunk-hooks.js:752:20"],"meta":{}},{"ancestorTitles":["AITemplateGenerator","Template Generation"],"fullName":"AITemplateGenerator Template Generation should respect context constraints","status":"passed","title":"should respect context constraints","duration":1.7935580015182495,"failureMessages":[],"meta":{}},{"ancestorTitles":["AITemplateGenerator","Template Generation"],"fullName":"AITemplateGenerator Template Generation should generate appropriate quality scores","status":"passed","title":"should generate appropriate quality scores","duration":1.4403489995747805,"failureMessages":[],"meta":{}},{"ancestorTitles":["AITemplateGenerator","Template Generation"],"fullName":"AITemplateGenerator Template Generation should include documentation","status":"passed","title":"should include documentation","duration":1.7630400005728006,"failureMessages":[],"meta":{}},{"ancestorTitles":["AITemplateGenerator","Template Generation"],"fullName":"AITemplateGenerator Template Generation should generate edges connecting nodes","status":"passed","title":"should generate edges connecting nodes","duration":1.132252000272274,"failureMessages":[],"meta":{}},{"ancestorTitles":["AITemplateGenerator","Template Refinement"],"fullName":"AITemplateGenerator Template Refinement should refine template based on feedback","status":"passed","title":"should refine template based on feedback","duration":2.098184999078512,"failureMessages":[],"meta":{}},{"ancestorTitles":["AITemplateGenerator","Template Validation"],"fullName":"AITemplateGenerator Template Validation should validate valid template","status":"failed","title":"should validate valid template","duration":1.9541469998657703,"failureMessages":["AssertionError: expected true to be false // Object.is equality\n    at /home/patrice/claude/workflow/src/__tests__/aiTemplateGenerator.test.ts:118:25\n    at file:///home/patrice/claude/workflow/node_modules/@vitest/runner/dist/chunk-hooks.js:752:20"],"meta":{}},{"ancestorTitles":["AITemplateGenerator","Template Validation"],"fullName":"AITemplateGenerator Template Validation should detect missing trigger","status":"passed","title":"should detect missing trigger","duration":1.178838999941945,"failureMessages":[],"meta":{}},{"ancestorTitles":["AITemplateGenerator","Template Validation"],"fullName":"AITemplateGenerator Template Validation should detect disconnected nodes","status":"failed","title":"should detect disconnected nodes","duration":1.715430000796914,"failureMessages":["Error: Failed to generate template: Could not understand the description. Please provide more details.\n    at AITemplateGenerator.generateTemplate (/home/patrice/claude/workflow/src/templates/AITemplateGenerator.ts:158:13)\n    at /home/patrice/claude/workflow/src/__tests__/aiTemplateGenerator.test.ts:138:24\n    at file:///home/patrice/claude/workflow/node_modules/@vitest/runner/dist/chunk-hooks.js:752:20"],"meta":{}},{"ancestorTitles":["AITemplateGenerator","Quality Scoring"],"fullName":"AITemplateGenerator Quality Scoring should score completeness correctly","status":"failed","title":"should score completeness correctly","duration":0.9464820008724928,"failureMessages":["Error: Failed to generate template: Could not understand the description. Please provide more details.\n    at AITemplateGenerator.generateTemplate (/home/patrice/claude/workflow/src/templates/AITemplateGenerator.ts:158:13)\n    at /home/patrice/claude/workflow/src/__tests__/aiTemplateGenerator.test.ts:154:24\n    at file:///home/patrice/claude/workflow/node_modules/@vitest/runner/dist/chunk-hooks.js:752:20"],"meta":{}},{"ancestorTitles":["AITemplateGenerator","Quality Scoring"],"fullName":"AITemplateGenerator Quality Scoring should give higher scores to well-documented templates","status":"failed","title":"should give higher scores to well-documented templates","duration":0.747639998793602,"failureMessages":["Error: Failed to generate template: Could not understand the description. Please provide more details.\n    at AITemplateGenerator.generateTemplate (/home/patrice/claude/workflow/src/templates/AITemplateGenerator.ts:158:13)\n    at /home/patrice/claude/workflow/src/__tests__/aiTemplateGenerator.test.ts:163:25\n    at file:///home/patrice/claude/workflow/node_modules/@vitest/runner/dist/chunk-hooks.js:752:20"],"meta":{}},{"ancestorTitles":["TemplateCustomizer","Session Management"],"fullName":"TemplateCustomizer Session Management should start customization session","status":"passed","title":"should start customization session","duration":1.841550000011921,"failureMessages":[],"meta":{}},{"ancestorTitles":["TemplateCustomizer","Session Management"],"fullName":"TemplateCustomizer Session Management should generate initial questions","status":"passed","title":"should generate initial questions","duration":1.090717000886798,"failureMessages":[],"meta":{}},{"ancestorTitles":["TemplateCustomizer","Session Management"],"fullName":"TemplateCustomizer Session Management should track session progress","status":"passed","title":"should track session progress","duration":1.1846779994666576,"failureMessages":[],"meta":{}},{"ancestorTitles":["TemplateCustomizer","Question Flow"],"fullName":"TemplateCustomizer Question Flow should ask next question after answer","status":"passed","title":"should ask next question after answer","duration":1.3634200002998114,"failureMessages":[],"meta":{}},{"ancestorTitles":["TemplateCustomizer","Question Flow"],"fullName":"TemplateCustomizer Question Flow should complete when all questions answered","status":"failed","title":"should complete when all questions answered","duration":1.7833859995007515,"failureMessages":["AssertionError: expected { …(8) } to be null\n    at /home/patrice/claude/workflow/src/__tests__/aiTemplateGenerator.test.ts:229:29\n    at file:///home/patrice/claude/workflow/node_modules/@vitest/runner/dist/chunk-hooks.js:752:20"],"meta":{}},{"ancestorTitles":["TemplateCustomizer","Question Flow"],"fullName":"TemplateCustomizer Question Flow should validate required fields","status":"passed","title":"should validate required fields","duration":1.107906999066472,"failureMessages":[],"meta":{}},{"ancestorTitles":["TemplateCustomizer","Customization Application"],"fullName":"TemplateCustomizer Customization Application should apply customizations to template","status":"passed","title":"should apply customizations to template","duration":1.4948580004274845,"failureMessages":[],"meta":{}},{"ancestorTitles":["TemplateSuggester","Suggestion Generation"],"fullName":"TemplateSuggester Suggestion Generation should generate suggestions based on context","status":"passed","title":"should generate suggestions based on context","duration":1.1297650001943111,"failureMessages":[],"meta":{}},{"ancestorTitles":["TemplateSuggester","Suggestion Generation"],"fullName":"TemplateSuggester Suggestion Generation should calculate relevance scores","status":"passed","title":"should calculate relevance scores","duration":0.4413909986615181,"failureMessages":[],"meta":{}},{"ancestorTitles":["TemplateSuggester","Suggestion Generation"],"fullName":"TemplateSuggester Suggestion Generation should provide suggestion reasons","status":"passed","title":"should provide suggestion reasons","duration":0.4055169988423586,"failureMessages":[],"meta":{}},{"ancestorTitles":["TemplateSuggester","Suggestion Generation"],"fullName":"TemplateSuggester Suggestion Generation should estimate setup time","status":"passed","title":"should estimate setup time","duration":0.4332929998636246,"failureMessages":[],"meta":{}},{"ancestorTitles":["TemplateSuggester","Usage Tracking"],"fullName":"TemplateSuggester Usage Tracking should record template usage","status":"passed","title":"should record template usage","duration":0.33622599951922894,"failureMessages":[],"meta":{}},{"ancestorTitles":["TemplateSuggester","Usage Tracking"],"fullName":"TemplateSuggester Usage Tracking should update user profile","status":"passed","title":"should update user profile","duration":0.308568999171257,"failureMessages":[],"meta":{}},{"ancestorTitles":["TemplateEvolution","Usage Tracking"],"fullName":"TemplateEvolution Usage Tracking should track template usage metrics","status":"passed","title":"should track template usage metrics","duration":0.449991999194026,"failureMessages":[],"meta":{}},{"ancestorTitles":["TemplateEvolution","Usage Tracking"],"fullName":"TemplateEvolution Usage Tracking should accumulate usage over time","status":"passed","title":"should accumulate usage over time","duration":0.29249799996614456,"failureMessages":[],"meta":{}},{"ancestorTitles":["TemplateEvolution","Feedback Processing"],"fullName":"TemplateEvolution Feedback Processing should accept user feedback","status":"passed","title":"should accept user feedback","duration":0.37915699928998947,"failureMessages":[],"meta":{}},{"ancestorTitles":["TemplateEvolution","Feedback Processing"],"fullName":"TemplateEvolution Feedback Processing should queue feedback for processing","status":"passed","title":"should queue feedback for processing","duration":0.3334349989891052,"failureMessages":[],"meta":{}},{"ancestorTitles":["TemplateEvolution","Improvement Suggestions"],"fullName":"TemplateEvolution Improvement Suggestions should generate improvement suggestions","status":"passed","title":"should generate improvement suggestions","duration":0.5064569991081953,"failureMessages":[],"meta":{}},{"ancestorTitles":["TemplateEvolution","Improvement Suggestions"],"fullName":"TemplateEvolution Improvement Suggestions should prioritize suggestions","status":"passed","title":"should prioritize suggestions","duration":0.2706589996814728,"failureMessages":[],"meta":{}},{"ancestorTitles":["TemplateEvolution","Improvement Suggestions"],"fullName":"TemplateEvolution Improvement Suggestions should identify different improvement types","status":"passed","title":"should identify different improvement types","duration":0.3055809997022152,"failureMessages":[],"meta":{}},{"ancestorTitles":["TemplateEvolution","A/B Testing"],"fullName":"TemplateEvolution A/B Testing should start A/B test","status":"failed","title":"should start A/B test","duration":0.9953099992126226,"failureMessages":["Error: Failed to generate template: Could not understand the description. Please provide more details.\n    at AITemplateGenerator.generateTemplate (/home/patrice/claude/workflow/src/templates/AITemplateGenerator.ts:158:13)\n    at /home/patrice/claude/workflow/src/__tests__/aiTemplateGenerator.test.ts:476:24\n    at file:///home/patrice/claude/workflow/node_modules/@vitest/runner/dist/chunk-hooks.js:752:20"],"meta":{}},{"ancestorTitles":["TemplateEvolution","A/B Testing"],"fullName":"TemplateEvolution A/B Testing should complete A/B test with results","status":"failed","title":"should complete A/B test with results","duration":0.8924249988049269,"failureMessages":["Error: Failed to generate template: Could not understand the description. Please provide more details.\n    at AITemplateGenerator.generateTemplate (/home/patrice/claude/workflow/src/templates/AITemplateGenerator.ts:158:13)\n    at /home/patrice/claude/workflow/src/__tests__/aiTemplateGenerator.test.ts:507:24\n    at file:///home/patrice/claude/workflow/node_modules/@vitest/runner/dist/chunk-hooks.js:752:20"],"meta":{}},{"ancestorTitles":["TemplateEvolution","Statistics"],"fullName":"TemplateEvolution Statistics should provide accurate statistics","status":"passed","title":"should provide accurate statistics","duration":0.3368839994072914,"failureMessages":[],"meta":{}}],"startTime":1762008907417,"endTime":1762008907463.337,"status":"failed","message":"","name":"/home/patrice/claude/workflow/src/__tests__/aiTemplateGenerator.test.ts"},{"assertionResults":[],"startTime":1762008402676,"endTime":1762008402676,"status":"passed","message":"","name":"/home/patrice/claude/workflow/src/__tests__/approval.test.ts"},{"assertionResults":[],"startTime":1762008402676,"endTime":1762008402676,"status":"passed","message":"","name":"/home/patrice/claude/workflow/src/__tests__/collaboration.test.ts"},{"assertionResults":[],"startTime":1762008402676,"endTime":1762008402676,"status":"passed","message":"","name":"/home/patrice/claude/workflow/src/__tests__/colorContrast.test.ts"},{"assertionResults":[],"startTime":1762008402676,"endTime":1762008402676,"status":"passed","message":"","name":"/home/patrice/claude/workflow/src/__tests__/completeNodeLibrary.test.ts"},{"assertionResults":[],"startTime":1762008402676,"endTime":1762008402676,"status":"passed","message":"","name":"/home/patrice/claude/workflow/src/__tests__/compliance.test.ts"},{"assertionResults":[],"startTime":1762008402676,"endTime":1762008402676,"status":"passed","message":"","name":"/home/patrice/claude/workflow/src/__tests__/components.integration.test.tsx"},{"assertionResults":[],"startTime":1762008402676,"endTime":1762008402676,"status":"passed","message":"","name":"/home/patrice/claude/workflow/src/__tests__/comprehensive.test.ts"},{"assertionResults":[],"startTime":1762008402676,"endTime":1762008402676,"status":"passed","message":"","name":"/home/patrice/claude/workflow/src/__tests__/correctionSystem.test.ts"},{"assertionResults":[],"startTime":1762008402676,"endTime":1762008402676,"status":"passed","message":"","name":"/home/patrice/claude/workflow/src/__tests__/dataPinning.test.ts"},{"assertionResults":[],"startTime":1762008402676,"endTime":1762008402676,"status":"passed","message":"","name":"/home/patrice/claude/workflow/src/__tests__/dataTransformation.test.ts"},{"assertionResults":[],"startTime":1762008402676,"endTime":1762008402676,"status":"passed","message":"","name":"/home/patrice/claude/workflow/src/__tests__/debugManager.test.ts"},{"assertionResults":[],"startTime":1762008402676,"endTime":1762008402676,"status":"passed","message":"","name":"/home/patrice/claude/workflow/src/__tests__/debugging.test.ts"},{"assertionResults":[],"startTime":1762008402676,"endTime":1762008402676,"status":"passed","message":"","name":"/home/patrice/claude/workflow/src/__tests__/deployment.test.ts"},{"assertionResults":[],"startTime":1762008402676,"endTime":1762008402676,"status":"passed","message":"","name":"/home/patrice/claude/workflow/src/__tests__/documentationGenerator.test.ts"},{"assertionResults":[],"startTime":1762008402676,"endTime":1762008402676,"status":"passed","message":"","name":"/home/patrice/claude/workflow/src/__tests__/eda.test.ts"},{"assertionResults":[],"startTime":1762008402676,"endTime":1762008402676,"status":"passed","message":"","name":"/home/patrice/claude/workflow/src/__tests__/edgeComputing.test.ts"},{"assertionResults":[],"startTime":1762008402676,"endTime":1762008402676,"status":"passed","message":"","name":"/home/patrice/claude/workflow/src/__tests__/encryption.test.ts"},{"assertionResults":[{"ancestorTitles":["Environment Isolation System","EnvironmentManager"],"fullName":"Environment Isolation System EnvironmentManager should create a new environment with complete isolation","status":"passed","title":"should create a new environment with complete isolation","duration":4.145270999521017,"failureMessages":[],"meta":{}},{"ancestorTitles":["Environment Isolation System","EnvironmentManager"],"fullName":"Environment Isolation System EnvironmentManager should list environments with filters","status":"passed","title":"should list environments with filters","duration":1.7462229989469051,"failureMessages":[],"meta":{}},{"ancestorTitles":["Environment Isolation System","EnvironmentManager"],"fullName":"Environment Isolation System EnvironmentManager should clone environment with all data","status":"passed","title":"should clone environment with all data","duration":2.388893999159336,"failureMessages":[],"meta":{}},{"ancestorTitles":["Environment Isolation System","EnvironmentManager"],"fullName":"Environment Isolation System EnvironmentManager should prevent deletion of production environment","status":"passed","title":"should prevent deletion of production environment","duration":0.8995409999042749,"failureMessages":[],"meta":{}},{"ancestorTitles":["Environment Isolation System","EnvironmentManager"],"fullName":"Environment Isolation System EnvironmentManager should update environment status","status":"passed","title":"should update environment status","duration":0.7409270014613867,"failureMessages":[],"meta":{}},{"ancestorTitles":["Environment Isolation System","EnvironmentManager"],"fullName":"Environment Isolation System EnvironmentManager should get environment statistics","status":"passed","title":"should get environment statistics","duration":0.8104739990085363,"failureMessages":[],"meta":{}},{"ancestorTitles":["Environment Isolation System","EnvironmentManager"],"fullName":"Environment Isolation System EnvironmentManager should create unique namespace for each environment","status":"passed","title":"should create unique namespace for each environment","duration":1.0874539986252785,"failureMessages":[],"meta":{}},{"ancestorTitles":["Environment Isolation System","PromotionValidator"],"fullName":"Environment Isolation System PromotionValidator should validate promotion between environments","status":"passed","title":"should validate promotion between environments","duration":2.512085000053048,"failureMessages":[],"meta":{}},{"ancestorTitles":["Environment Isolation System","PromotionValidator"],"fullName":"Environment Isolation System PromotionValidator should detect invalid promotion path","status":"passed","title":"should detect invalid promotion path","duration":1.3861609995365143,"failureMessages":[],"meta":{}},{"ancestorTitles":["Environment Isolation System","PromotionValidator"],"fullName":"Environment Isolation System PromotionValidator should calculate risk level correctly","status":"passed","title":"should calculate risk level correctly","duration":1.1649910006672144,"failureMessages":[],"meta":{}},{"ancestorTitles":["Environment Isolation System","PromotionManager"],"fullName":"Environment Isolation System PromotionManager should request workflow promotion","status":"passed","title":"should request workflow promotion","duration":1.910419998690486,"failureMessages":[],"meta":{}},{"ancestorTitles":["Environment Isolation System","PromotionManager"],"fullName":"Environment Isolation System PromotionManager should handle approval workflow","status":"failed","title":"should handle approval workflow","duration":2.6031890008598566,"failureMessages":["AssertionError: expected 'failed' to be 'pending' // Object.is equality\n    at /home/patrice/claude/workflow/src/__tests__/environments.test.ts:349:32\n    at file:///home/patrice/claude/workflow/node_modules/@vitest/runner/dist/chunk-hooks.js:752:20"],"meta":{}},{"ancestorTitles":["Environment Isolation System","PromotionManager"],"fullName":"Environment Isolation System PromotionManager should get promotion statistics","status":"passed","title":"should get promotion statistics","duration":0.2771949991583824,"failureMessages":[],"meta":{}},{"ancestorTitles":["Environment Isolation System","EnvironmentCredentials"],"fullName":"Environment Isolation System EnvironmentCredentials should create credential in environment","status":"passed","title":"should create credential in environment","duration":1.2079119998961687,"failureMessages":[],"meta":{}},{"ancestorTitles":["Environment Isolation System","EnvironmentCredentials"],"fullName":"Environment Isolation System EnvironmentCredentials should auto-expire test credentials","status":"passed","title":"should auto-expire test credentials","duration":0.609400998800993,"failureMessages":[],"meta":{}},{"ancestorTitles":["Environment Isolation System","EnvironmentCredentials"],"fullName":"Environment Isolation System EnvironmentCredentials should create credential mapping between environments","status":"passed","title":"should create credential mapping between environments","duration":1.2632669992744923,"failureMessages":[],"meta":{}},{"ancestorTitles":["Environment Isolation System","EnvironmentCredentials"],"fullName":"Environment Isolation System EnvironmentCredentials should setup credential inheritance","status":"passed","title":"should setup credential inheritance","duration":1.5974589996039867,"failureMessages":[],"meta":{}},{"ancestorTitles":["Environment Isolation System","CredentialIsolation"],"fullName":"Environment Isolation System CredentialIsolation should enforce credential isolation between environments","status":"passed","title":"should enforce credential isolation between environments","duration":1.491202000528574,"failureMessages":[],"meta":{}},{"ancestorTitles":["Environment Isolation System","CredentialIsolation"],"fullName":"Environment Isolation System CredentialIsolation should detect credential leakage","status":"passed","title":"should detect credential leakage","duration":1.0630780011415482,"failureMessages":[],"meta":{}},{"ancestorTitles":["Environment Isolation System","EnvironmentRBAC"],"fullName":"Environment Isolation System EnvironmentRBAC should grant environment access to user","status":"passed","title":"should grant environment access to user","duration":1.0331610012799501,"failureMessages":[],"meta":{}},{"ancestorTitles":["Environment Isolation System","EnvironmentRBAC"],"fullName":"Environment Isolation System EnvironmentRBAC should check user permissions correctly","status":"passed","title":"should check user permissions correctly","duration":0.725781999528408,"failureMessages":[],"meta":{}},{"ancestorTitles":["Environment Isolation System","EnvironmentRBAC"],"fullName":"Environment Isolation System EnvironmentRBAC should create environment-specific API key","status":"passed","title":"should create environment-specific API key","duration":0.9872600007802248,"failureMessages":[],"meta":{}},{"ancestorTitles":["Environment Isolation System","EnvironmentRBAC"],"fullName":"Environment Isolation System EnvironmentRBAC should validate and authenticate with API key","status":"passed","title":"should validate and authenticate with API key","duration":0.5407389998435974,"failureMessages":[],"meta":{}},{"ancestorTitles":["Environment Isolation System","EnvironmentRBAC"],"fullName":"Environment Isolation System EnvironmentRBAC should list user environments","status":"passed","title":"should list user environments","duration":1.4010830000042915,"failureMessages":[],"meta":{}},{"ancestorTitles":["Environment Isolation System","Integration Tests"],"fullName":"Environment Isolation System Integration Tests should perform complete promotion workflow with approval","status":"failed","title":"should perform complete promotion workflow with approval","duration":1.5445509999990463,"failureMessages":["AssertionError: expected 'failed' to be 'pending' // Object.is equality\n    at /home/patrice/claude/workflow/src/__tests__/environments.test.ts:778:32\n    at file:///home/patrice/claude/workflow/node_modules/@vitest/runner/dist/chunk-hooks.js:752:20"],"meta":{}},{"ancestorTitles":["Environment Isolation System","Integration Tests"],"fullName":"Environment Isolation System Integration Tests should enforce complete credential isolation across environments","status":"passed","title":"should enforce complete credential isolation across environments","duration":1.5168929994106293,"failureMessages":[],"meta":{}}],"startTime":1762008907897,"endTime":1762008907933.5168,"status":"failed","message":"","name":"/home/patrice/claude/workflow/src/__tests__/environments.test.ts"},{"assertionResults":[],"startTime":1762008402676,"endTime":1762008402676,"status":"passed","message":"","name":"/home/patrice/claude/workflow/src/__tests__/errorHandling.comprehensive.test.ts"},{"assertionResults":[],"startTime":1762008402676,"endTime":1762008402676,"status":"passed","message":"","name":"/home/patrice/claude/workflow/src/__tests__/errorIntelligence.test.ts"},{"assertionResults":[],"startTime":1762008402676,"endTime":1762008402676,"status":"passed","message":"","name":"/home/patrice/claude/workflow/src/__tests__/evaluation.test.ts"},{"assertionResults":[],"startTime":1762008402676,"endTime":1762008402676,"status":"passed","message":"","name":"/home/patrice/claude/workflow/src/__tests__/executionEngine.comprehensive.test.ts"},{"assertionResults":[],"startTime":1762008402676,"endTime":1762008402676,"status":"passed","message":"","name":"/home/patrice/claude/workflow/src/__tests__/executionEngine.test.ts"},{"assertionResults":[],"startTime":1762008402676,"endTime":1762008402676,"status":"passed","message":"","name":"/home/patrice/claude/workflow/src/__tests__/executionStreaming.test.ts"},{"assertionResults":[],"startTime":1762008402676,"endTime":1762008402676,"status":"passed","message":"","name":"/home/patrice/claude/workflow/src/__tests__/governance.test.ts"},{"assertionResults":[],"startTime":1762008402676,"endTime":1762008402676,"status":"passed","message":"","name":"/home/patrice/claude/workflow/src/__tests__/healing.comprehensive.test.ts"},{"assertionResults":[],"startTime":1762008402676,"endTime":1762008402676,"status":"passed","message":"","name":"/home/patrice/claude/workflow/src/__tests__/healthEndpoint.test.ts"},{"assertionResults":[],"startTime":1762008402676,"endTime":1762008402676,"status":"passed","message":"","name":"/home/patrice/claude/workflow/src/__tests__/integration.complete.test.ts"},{"assertionResults":[],"startTime":1762008402676,"endTime":1762008402676,"status":"passed","message":"","name":"/home/patrice/claude/workflow/src/__tests__/intelligence.test.ts"},{"assertionResults":[],"startTime":1762008402676,"endTime":1762008402676,"status":"passed","message":"","name":"/home/patrice/claude/workflow/src/__tests__/ldap.comprehensive.test.ts"},{"assertionResults":[],"startTime":1762008402676,"endTime":1762008402676,"status":"passed","message":"","name":"/home/patrice/claude/workflow/src/__tests__/logging.comprehensive.test.ts"},{"assertionResults":[],"startTime":1762008402676,"endTime":1762008402676,"status":"passed","message":"","name":"/home/patrice/claude/workflow/src/__tests__/logging.unit.test.ts"},{"assertionResults":[],"startTime":1762008402676,"endTime":1762008402676,"status":"passed","message":"","name":"/home/patrice/claude/workflow/src/__tests__/marketplace.comprehensive.test.ts"},{"assertionResults":[],"startTime":1762008402676,"endTime":1762008402676,"status":"passed","message":"","name":"/home/patrice/claude/workflow/src/__tests__/mcp.test.ts"},{"assertionResults":[],"startTime":1762008402676,"endTime":1762008402676,"status":"passed","message":"","name":"/home/patrice/claude/workflow/src/__tests__/multiAgent.test.ts"},{"assertionResults":[],"startTime":1762008402676,"endTime":1762008402676,"status":"passed","message":"","name":"/home/patrice/claude/workflow/src/__tests__/nodeLibraryExpansion.test.ts"},{"assertionResults":[],"startTime":1762008402676,"endTime":1762008402676,"status":"passed","message":"","name":"/home/patrice/claude/workflow/src/__tests__/nodeTypes.test.ts"},{"assertionResults":[],"startTime":1762008402676,"endTime":1762008402676,"status":"passed","message":"","name":"/home/patrice/claude/workflow/src/__tests__/nodebuilder.test.ts"},{"assertionResults":[],"startTime":1762008402676,"endTime":1762008402676,"status":"passed","message":"","name":"/home/patrice/claude/workflow/src/__tests__/oauth2.test.ts"},{"assertionResults":[],"startTime":1762008402676,"endTime":1762008402676,"status":"passed","message":"","name":"/home/patrice/claude/workflow/src/__tests__/organization.test.ts"},{"assertionResults":[],"startTime":1762008402676,"endTime":1762008402676,"status":"passed","message":"","name":"/home/patrice/claude/workflow/src/__tests__/partialExecution.integration.test.ts"},{"assertionResults":[],"startTime":1762008402676,"endTime":1762008402676,"status":"passed","message":"","name":"/home/patrice/claude/workflow/src/__tests__/partialExecution.test.ts"},{"assertionResults":[],"startTime":1762008402676,"endTime":1762008402676,"status":"passed","message":"","name":"/home/patrice/claude/workflow/src/__tests__/passwordService.test.ts"},{"assertionResults":[],"startTime":1762008402676,"endTime":1762008402676,"status":"passed","message":"","name":"/home/patrice/claude/workflow/src/__tests__/patterns.test.ts"},{"assertionResults":[],"startTime":1762008402676,"endTime":1762008402676,"status":"passed","message":"","name":"/home/patrice/claude/workflow/src/__tests__/performance.stress.test.ts"},{"assertionResults":[{"ancestorTitles":["MemoryStore","Memory Storage"],"fullName":"MemoryStore Memory Storage should store a memory successfully","status":"passed","title":"should store a memory successfully","duration":1.2099079992622137,"failureMessages":[],"meta":{}},{"ancestorTitles":["MemoryStore","Memory Storage"],"fullName":"MemoryStore Memory Storage should auto-calculate importance if not provided","status":"passed","title":"should auto-calculate importance if not provided","duration":0.26627499982714653,"failureMessages":[],"meta":{}},{"ancestorTitles":["MemoryStore","Memory Storage"],"fullName":"MemoryStore Memory Storage should validate required fields","status":"passed","title":"should validate required fields","duration":0.3544379994273186,"failureMessages":[],"meta":{}},{"ancestorTitles":["MemoryStore","Memory Storage"],"fullName":"MemoryStore Memory Storage should generate unique IDs for each memory","status":"passed","title":"should generate unique IDs for each memory","duration":0.4493519999086857,"failureMessages":[],"meta":{}},{"ancestorTitles":["MemoryStore","Memory Retrieval"],"fullName":"MemoryStore Memory Retrieval should retrieve memories by ID","status":"passed","title":"should retrieve memories by ID","duration":0.34919000044465065,"failureMessages":[],"meta":{}},{"ancestorTitles":["MemoryStore","Memory Retrieval"],"fullName":"MemoryStore Memory Retrieval should track access count and last accessed","status":"failed","title":"should track access count and last accessed","duration":1.5045969989150763,"failureMessages":["AssertionError: expected 1762008906708 to be greater than 1762008906708\n    at /home/patrice/claude/workflow/src/__tests__/persistentMemory.test.ts:135:48\n    at file:///home/patrice/claude/workflow/node_modules/@vitest/runner/dist/chunk-hooks.js:752:20"],"meta":{}},{"ancestorTitles":["MemoryStore","Memory Retrieval"],"fullName":"MemoryStore Memory Retrieval should not return expired memories","status":"passed","title":"should not return expired memories","duration":0.8067779988050461,"failureMessages":[],"meta":{}},{"ancestorTitles":["MemoryStore","Memory Search"],"fullName":"MemoryStore Memory Search should search memories by query text","status":"passed","title":"should search memories by query text","duration":2.838011000305414,"failureMessages":[],"meta":{}},{"ancestorTitles":["MemoryStore","Memory Search"],"fullName":"MemoryStore Memory Search should filter by user ID","status":"passed","title":"should filter by user ID","duration":0.6277709994465113,"failureMessages":[],"meta":{}},{"ancestorTitles":["MemoryStore","Memory Search"],"fullName":"MemoryStore Memory Search should filter by type","status":"passed","title":"should filter by type","duration":0.6444789990782738,"failureMessages":[],"meta":{}},{"ancestorTitles":["MemoryStore","Memory Search"],"fullName":"MemoryStore Memory Search should filter by tags","status":"passed","title":"should filter by tags","duration":0.4900429993867874,"failureMessages":[],"meta":{}},{"ancestorTitles":["MemoryStore","Memory Search"],"fullName":"MemoryStore Memory Search should filter by importance range","status":"passed","title":"should filter by importance range","duration":1.3011259995400906,"failureMessages":[],"meta":{}},{"ancestorTitles":["MemoryStore","Memory Search"],"fullName":"MemoryStore Memory Search should sort by relevance","status":"failed","title":"should sort by relevance","duration":0.8724530003964901,"failureMessages":["AssertionError: expected 0.7472040782411207 to be greater than or equal to 0.7727616673443639\n    at /home/patrice/claude/workflow/src/__tests__/persistentMemory.test.ts:260:42\n    at file:///home/patrice/claude/workflow/node_modules/@vitest/runner/dist/chunk-hooks.js:752:20"],"meta":{}},{"ancestorTitles":["MemoryStore","Memory Search"],"fullName":"MemoryStore Memory Search should respect limit parameter","status":"passed","title":"should respect limit parameter","duration":0.3446490000933409,"failureMessages":[],"meta":{}},{"ancestorTitles":["MemoryStore","Memory Search"],"fullName":"MemoryStore Memory Search should search with time range","status":"passed","title":"should search with time range","duration":0.3227700013667345,"failureMessages":[],"meta":{}},{"ancestorTitles":["MemoryStore","Memory Update"],"fullName":"MemoryStore Memory Update should update memory content","status":"failed","title":"should update memory content","duration":0.6570989992469549,"failureMessages":["AssertionError: expected 2 to be 3 // Object.is equality\n    at /home/patrice/claude/workflow/src/__tests__/persistentMemory.test.ts:308:31\n    at file:///home/patrice/claude/workflow/node_modules/@vitest/runner/dist/chunk-hooks.js:752:20"],"meta":{}},{"ancestorTitles":["MemoryStore","Memory Update"],"fullName":"MemoryStore Memory Update should update importance","status":"passed","title":"should update importance","duration":0.17620700038969517,"failureMessages":[],"meta":{}},{"ancestorTitles":["MemoryStore","Memory Update"],"fullName":"MemoryStore Memory Update should update metadata","status":"passed","title":"should update metadata","duration":0.16429500095546246,"failureMessages":[],"meta":{}},{"ancestorTitles":["MemoryStore","Memory Deletion"],"fullName":"MemoryStore Memory Deletion should delete a memory","status":"passed","title":"should delete a memory","duration":0.232829000800848,"failureMessages":[],"meta":{}},{"ancestorTitles":["MemoryStore","Memory Deletion"],"fullName":"MemoryStore Memory Deletion should return false when deleting non-existent memory","status":"passed","title":"should return false when deleting non-existent memory","duration":0.06680500134825706,"failureMessages":[],"meta":{}},{"ancestorTitles":["MemoryStore","Memory Pruning"],"fullName":"MemoryStore Memory Pruning should prune memories by importance","status":"passed","title":"should prune memories by importance","duration":0.4702089987695217,"failureMessages":[],"meta":{}},{"ancestorTitles":["MemoryStore","Memory Pruning"],"fullName":"MemoryStore Memory Pruning should dry run without deleting","status":"failed","title":"should dry run without deleting","duration":0.36036499962210655,"failureMessages":["AssertionError: expected 0 to be greater than 0\n    at /home/patrice/claude/workflow/src/__tests__/persistentMemory.test.ts:411:30\n    at file:///home/patrice/claude/workflow/node_modules/@vitest/runner/dist/chunk-hooks.js:752:20"],"meta":{}},{"ancestorTitles":["MemoryStore","Memory Pruning"],"fullName":"MemoryStore Memory Pruning should preserve specific types","status":"passed","title":"should preserve specific types","duration":0.379696998745203,"failureMessages":[],"meta":{}},{"ancestorTitles":["MemoryStore","Memory Health"],"fullName":"MemoryStore Memory Health should report healthy status with low usage","status":"passed","title":"should report healthy status with low usage","duration":0.2108330000191927,"failureMessages":[],"meta":{}},{"ancestorTitles":["MemoryStore","Memory Health"],"fullName":"MemoryStore Memory Health should provide recommendations when needed","status":"passed","title":"should provide recommendations when needed","duration":18.316702000796795,"failureMessages":[],"meta":{}},{"ancestorTitles":["UserProfileManager","Profile Management"],"fullName":"UserProfileManager Profile Management should create a new user profile","status":"passed","title":"should create a new user profile","duration":0.6222270000725985,"failureMessages":[],"meta":{}},{"ancestorTitles":["UserProfileManager","Profile Management"],"fullName":"UserProfileManager Profile Management should return existing profile on subsequent calls","status":"passed","title":"should return existing profile on subsequent calls","duration":0.12700500153005123,"failureMessages":[],"meta":{}},{"ancestorTitles":["UserProfileManager","Profile Management"],"fullName":"UserProfileManager Profile Management should update preferences","status":"passed","title":"should update preferences","duration":0.20751100033521652,"failureMessages":[],"meta":{}},{"ancestorTitles":["UserProfileManager","Behavioral Learning"],"fullName":"UserProfileManager Behavioral Learning should learn from workflow execution","status":"passed","title":"should learn from workflow execution","duration":0.22910400107502937,"failureMessages":[],"meta":{}},{"ancestorTitles":["UserProfileManager","Behavioral Learning"],"fullName":"UserProfileManager Behavioral Learning should track node usage","status":"passed","title":"should track node usage","duration":0.14272099919617176,"failureMessages":[],"meta":{}},{"ancestorTitles":["UserProfileManager","Behavioral Learning"],"fullName":"UserProfileManager Behavioral Learning should learn error patterns","status":"passed","title":"should learn error patterns","duration":0.2240030001848936,"failureMessages":[],"meta":{}},{"ancestorTitles":["UserProfileManager","Suggestions"],"fullName":"UserProfileManager Suggestions should generate workflow suggestions","status":"passed","title":"should generate workflow suggestions","duration":0.4017430003732443,"failureMessages":[],"meta":{}},{"ancestorTitles":["UserProfileManager","Suggestions"],"fullName":"UserProfileManager Suggestions should respect confidence threshold","status":"failed","title":"should respect confidence threshold","duration":0.7138400003314018,"failureMessages":["AssertionError: expected 1 to be +0 // Object.is equality\n    at /home/patrice/claude/workflow/src/__tests__/persistentMemory.test.ts:588:34\n    at file:///home/patrice/claude/workflow/node_modules/@vitest/runner/dist/chunk-hooks.js:752:20"],"meta":{}},{"ancestorTitles":["UserProfileManager","Feedback Loop"],"fullName":"UserProfileManager Feedback Loop should adjust learning rate based on feedback","status":"passed","title":"should adjust learning rate based on feedback","duration":0.19719000160694122,"failureMessages":[],"meta":{}},{"ancestorTitles":["UserProfileManager","GDPR Compliance"],"fullName":"UserProfileManager GDPR Compliance should export user data","status":"passed","title":"should export user data","duration":0.39789099991321564,"failureMessages":[],"meta":{}},{"ancestorTitles":["UserProfileManager","GDPR Compliance"],"fullName":"UserProfileManager GDPR Compliance should delete all user data","status":"passed","title":"should delete all user data","duration":0.28199199959635735,"failureMessages":[],"meta":{}},{"ancestorTitles":["ContextManager","Context Creation"],"fullName":"ContextManager Context Creation should create a new context session","status":"passed","title":"should create a new context session","duration":0.4212919995188713,"failureMessages":[],"meta":{}},{"ancestorTitles":["ContextManager","Context Creation"],"fullName":"ContextManager Context Creation should return existing context on subsequent calls","status":"passed","title":"should return existing context on subsequent calls","duration":0.11784500069916248,"failureMessages":[],"meta":{}},{"ancestorTitles":["ContextManager","Conversation Management"],"fullName":"ContextManager Conversation Management should add conversation turns","status":"passed","title":"should add conversation turns","duration":0.8670180011540651,"failureMessages":[],"meta":{}},{"ancestorTitles":["ContextManager","Conversation Management"],"fullName":"ContextManager Conversation Management should maintain conversation order","status":"passed","title":"should maintain conversation order","duration":0.5869140010327101,"failureMessages":[],"meta":{}},{"ancestorTitles":["ContextManager","Working Memory"],"fullName":"ContextManager Working Memory should set and get working memory","status":"passed","title":"should set and get working memory","duration":0.23657300136983395,"failureMessages":[],"meta":{}},{"ancestorTitles":["ContextManager","Working Memory"],"fullName":"ContextManager Working Memory should support TTL on working memory","status":"passed","title":"should support TTL on working memory","duration":150.79091100022197,"failureMessages":[],"meta":{}},{"ancestorTitles":["ContextManager","Working Memory"],"fullName":"ContextManager Working Memory should clear working memory","status":"passed","title":"should clear working memory","duration":0.29487700015306473,"failureMessages":[],"meta":{}},{"ancestorTitles":["ContextManager","Task Management"],"fullName":"ContextManager Task Management should set and update active task","status":"passed","title":"should set and update active task","duration":0.21275899931788445,"failureMessages":[],"meta":{}},{"ancestorTitles":["ContextManager","Context Persistence"],"fullName":"ContextManager Context Persistence should persist context to long-term memory","status":"passed","title":"should persist context to long-term memory","duration":0.5209640003740788,"failureMessages":[],"meta":{}},{"ancestorTitles":["MemorySearch","Semantic Search"],"fullName":"MemorySearch Semantic Search should perform semantic search","status":"passed","title":"should perform semantic search","duration":0.5419080015271902,"failureMessages":[],"meta":{}},{"ancestorTitles":["MemorySearch","Semantic Search"],"fullName":"MemorySearch Semantic Search should cache search results","status":"passed","title":"should cache search results","duration":0.31769900023937225,"failureMessages":[],"meta":{}},{"ancestorTitles":["MemorySearch","Semantic Search"],"fullName":"MemorySearch Semantic Search should find similar memories","status":"passed","title":"should find similar memories","duration":0.344030000269413,"failureMessages":[],"meta":{}},{"ancestorTitles":["MemorySearch","Temporal Search"],"fullName":"MemorySearch Temporal Search should search memories from today","status":"passed","title":"should search memories from today","duration":0.32255399972200394,"failureMessages":[],"meta":{}},{"ancestorTitles":["MemorySearch","Search Analytics"],"fullName":"MemorySearch Search Analytics should track search analytics","status":"failed","title":"should track search analytics","duration":0.5136900003999472,"failureMessages":["AssertionError: expected 0 to be greater than 0\n    at /home/patrice/claude/workflow/src/__tests__/persistentMemory.test.ts:892:42\n    at file:///home/patrice/claude/workflow/node_modules/@vitest/runner/dist/chunk-hooks.js:752:20"],"meta":{}}],"startTime":1762008906705,"endTime":1762008906898.5137,"status":"failed","message":"","name":"/home/patrice/claude/workflow/src/__tests__/persistentMemory.test.ts"},{"assertionResults":[],"startTime":1762008402676,"endTime":1762008402676,"status":"passed","message":"","name":"/home/patrice/claude/workflow/src/__tests__/pluginSandbox.security.test.ts"},{"assertionResults":[],"startTime":1762008402676,"endTime":1762008402676,"status":"passed","message":"","name":"/home/patrice/claude/workflow/src/__tests__/profiling.test.ts"},{"assertionResults":[],"startTime":1762008402676,"endTime":1762008402676,"status":"passed","message":"","name":"/home/patrice/claude/workflow/src/__tests__/protocols.test.ts"},{"assertionResults":[],"startTime":1762008402676,"endTime":1762008402676,"status":"passed","message":"","name":"/home/patrice/claude/workflow/src/__tests__/pushNotifications.test.ts"},{"assertionResults":[],"startTime":1762008402676,"endTime":1762008402676,"status":"passed","message":"","name":"/home/patrice/claude/workflow/src/__tests__/queueMetricsEndpoint.test.ts"},{"assertionResults":[],"startTime":1762008402676,"endTime":1762008402676,"status":"passed","message":"","name":"/home/patrice/claude/workflow/src/__tests__/rateLimiting.test.ts"},{"assertionResults":[{"ancestorTitles":["RealTimeMetricsCollector"],"fullName":"RealTimeMetricsCollector should register metrics","status":"passed","title":"should register metrics","duration":0.9348449986428022,"failureMessages":[],"meta":{}},{"ancestorTitles":["RealTimeMetricsCollector"],"fullName":"RealTimeMetricsCollector should record counter metrics","status":"passed","title":"should record counter metrics","duration":0.9730690009891987,"failureMessages":[],"meta":{}},{"ancestorTitles":["RealTimeMetricsCollector"],"fullName":"RealTimeMetricsCollector should record gauge metrics","status":"failed","title":"should record gauge metrics","duration":1.2298109997063875,"failureMessages":["AssertionError: expected 0 to be greater than 0\n    at /home/patrice/claude/workflow/src/__tests__/realTimeDashboard.test.ts:87:31\n    at file:///home/patrice/claude/workflow/node_modules/@vitest/runner/dist/chunk-hooks.js:155:11\n    at file:///home/patrice/claude/workflow/node_modules/@vitest/runner/dist/chunk-hooks.js:752:26\n    at file:///home/patrice/claude/workflow/node_modules/@vitest/runner/dist/chunk-hooks.js:1897:20\n    at new Promise (<anonymous>)\n    at runWithTimeout (file:///home/patrice/claude/workflow/node_modules/@vitest/runner/dist/chunk-hooks.js:1863:10)\n    at runTest (file:///home/patrice/claude/workflow/node_modules/@vitest/runner/dist/chunk-hooks.js:1574:12)\n    at runSuite (file:///home/patrice/claude/workflow/node_modules/@vitest/runner/dist/chunk-hooks.js:1729:8)\n    at runSuite (file:///home/patrice/claude/workflow/node_modules/@vitest/runner/dist/chunk-hooks.js:1729:8)\n    at runFiles (file:///home/patrice/claude/workflow/node_modules/@vitest/runner/dist/chunk-hooks.js:1787:3)"],"meta":{}},{"ancestorTitles":["RealTimeMetricsCollector"],"fullName":"RealTimeMetricsCollector should record histogram metrics","status":"passed","title":"should record histogram metrics","duration":0.4666409995406866,"failureMessages":[],"meta":{}},{"ancestorTitles":["RealTimeMetricsCollector"],"fullName":"RealTimeMetricsCollector should aggregate metrics correctly","status":"passed","title":"should aggregate metrics correctly","duration":0.5184280015528202,"failureMessages":[],"meta":{}},{"ancestorTitles":["RealTimeMetricsCollector"],"fullName":"RealTimeMetricsCollector should stream metrics","status":"passed","title":"should stream metrics","duration":0.5363650005310774,"failureMessages":[],"meta":{}},{"ancestorTitles":["RealTimeMetricsCollector"],"fullName":"RealTimeMetricsCollector should handle metrics with labels","status":"passed","title":"should handle metrics with labels","duration":0.30890199914574623,"failureMessages":[],"meta":{}},{"ancestorTitles":["RealTimeMetricsCollector"],"fullName":"RealTimeMetricsCollector should cleanup old metrics","status":"failed","title":"should cleanup old metrics","duration":0.7301559988409281,"failureMessages":["TypeError: Cannot read properties of undefined (reading 'points')\n    at /home/patrice/claude/workflow/src/__tests__/realTimeDashboard.test.ts:194:26\n    at file:///home/patrice/claude/workflow/node_modules/@vitest/runner/dist/chunk-hooks.js:155:11\n    at file:///home/patrice/claude/workflow/node_modules/@vitest/runner/dist/chunk-hooks.js:752:26\n    at file:///home/patrice/claude/workflow/node_modules/@vitest/runner/dist/chunk-hooks.js:1897:20\n    at new Promise (<anonymous>)\n    at runWithTimeout (file:///home/patrice/claude/workflow/node_modules/@vitest/runner/dist/chunk-hooks.js:1863:10)\n    at runTest (file:///home/patrice/claude/workflow/node_modules/@vitest/runner/dist/chunk-hooks.js:1574:12)\n    at runSuite (file:///home/patrice/claude/workflow/node_modules/@vitest/runner/dist/chunk-hooks.js:1729:8)\n    at runSuite (file:///home/patrice/claude/workflow/node_modules/@vitest/runner/dist/chunk-hooks.js:1729:8)\n    at runFiles (file:///home/patrice/claude/workflow/node_modules/@vitest/runner/dist/chunk-hooks.js:1787:3)"],"meta":{}},{"ancestorTitles":["LiveExecutionMonitor"],"fullName":"LiveExecutionMonitor should start execution tracking","status":"passed","title":"should start execution tracking","duration":0.7244750000536442,"failureMessages":[],"meta":{}},{"ancestorTitles":["LiveExecutionMonitor"],"fullName":"LiveExecutionMonitor should track node execution","status":"passed","title":"should track node execution","duration":0.6396030001342297,"failureMessages":[],"meta":{}},{"ancestorTitles":["LiveExecutionMonitor"],"fullName":"LiveExecutionMonitor should handle node failures","status":"passed","title":"should handle node failures","duration":0.5853209998458624,"failureMessages":[],"meta":{}},{"ancestorTitles":["LiveExecutionMonitor"],"fullName":"LiveExecutionMonitor should complete execution","status":"passed","title":"should complete execution","duration":0.6177949998527765,"failureMessages":[],"meta":{}},{"ancestorTitles":["LiveExecutionMonitor"],"fullName":"LiveExecutionMonitor should calculate execution metrics","status":"failed","title":"should calculate execution metrics","duration":1.0429049991071224,"failureMessages":["AssertionError: expected +0 to be 2 // Object.is equality\n    at /home/patrice/claude/workflow/src/__tests__/realTimeDashboard.test.ts:266:39\n    at file:///home/patrice/claude/workflow/node_modules/@vitest/runner/dist/chunk-hooks.js:155:11\n    at file:///home/patrice/claude/workflow/node_modules/@vitest/runner/dist/chunk-hooks.js:752:26\n    at file:///home/patrice/claude/workflow/node_modules/@vitest/runner/dist/chunk-hooks.js:1897:20\n    at new Promise (<anonymous>)\n    at runWithTimeout (file:///home/patrice/claude/workflow/node_modules/@vitest/runner/dist/chunk-hooks.js:1863:10)\n    at runTest (file:///home/patrice/claude/workflow/node_modules/@vitest/runner/dist/chunk-hooks.js:1574:12)\n    at runSuite (file:///home/patrice/claude/workflow/node_modules/@vitest/runner/dist/chunk-hooks.js:1729:8)\n    at runSuite (file:///home/patrice/claude/workflow/node_modules/@vitest/runner/dist/chunk-hooks.js:1729:8)\n    at runFiles (file:///home/patrice/claude/workflow/node_modules/@vitest/runner/dist/chunk-hooks.js:1787:3)"],"meta":{}},{"ancestorTitles":["LiveExecutionMonitor"],"fullName":"LiveExecutionMonitor should filter executions","status":"passed","title":"should filter executions","duration":0.5154699999839067,"failureMessages":[],"meta":{}},{"ancestorTitles":["LiveExecutionMonitor"],"fullName":"LiveExecutionMonitor should get execution statistics","status":"passed","title":"should get execution statistics","duration":0.6210280004888773,"failureMessages":[],"meta":{}},{"ancestorTitles":["LiveExecutionMonitor"],"fullName":"LiveExecutionMonitor should record data flows","status":"passed","title":"should record data flows","duration":0.5250519998371601,"failureMessages":[],"meta":{}},{"ancestorTitles":["MultiAgentView"],"fullName":"MultiAgentView should register agents","status":"passed","title":"should register agents","duration":0.6591439992189407,"failureMessages":[],"meta":{}},{"ancestorTitles":["MultiAgentView"],"fullName":"MultiAgentView should update agent status","status":"passed","title":"should update agent status","duration":0.4016450010240078,"failureMessages":[],"meta":{}},{"ancestorTitles":["MultiAgentView"],"fullName":"MultiAgentView should update agent health","status":"passed","title":"should update agent health","duration":0.4720769990235567,"failureMessages":[],"meta":{}},{"ancestorTitles":["MultiAgentView"],"fullName":"MultiAgentView should record agent communications","status":"passed","title":"should record agent communications","duration":0.8432970009744167,"failureMessages":[],"meta":{}},{"ancestorTitles":["MultiAgentView"],"fullName":"MultiAgentView should detect bottlenecks","status":"passed","title":"should detect bottlenecks","duration":1.0625780001282692,"failureMessages":[],"meta":{}},{"ancestorTitles":["MultiAgentView"],"fullName":"MultiAgentView should get agent statistics","status":"passed","title":"should get agent statistics","duration":0.6213829983025789,"failureMessages":[],"meta":{}},{"ancestorTitles":["MultiAgentView"],"fullName":"MultiAgentView should filter agents","status":"passed","title":"should filter agents","duration":0.586735999211669,"failureMessages":[],"meta":{}},{"ancestorTitles":["MultiAgentView"],"fullName":"MultiAgentView should generate communication graph","status":"passed","title":"should generate communication graph","duration":0.6842259988188744,"failureMessages":[],"meta":{}},{"ancestorTitles":["EdgeDeviceMonitor"],"fullName":"EdgeDeviceMonitor should register devices","status":"passed","title":"should register devices","duration":0.9873790014535189,"failureMessages":[],"meta":{}},{"ancestorTitles":["EdgeDeviceMonitor"],"fullName":"EdgeDeviceMonitor should update device status","status":"passed","title":"should update device status","duration":0.5137400012463331,"failureMessages":[],"meta":{}},{"ancestorTitles":["EdgeDeviceMonitor"],"fullName":"EdgeDeviceMonitor should update device resources","status":"passed","title":"should update device resources","duration":0.8059139996767044,"failureMessages":[],"meta":{}},{"ancestorTitles":["EdgeDeviceMonitor"],"fullName":"EdgeDeviceMonitor should detect resource alerts","status":"passed","title":"should detect resource alerts","duration":0.70380499958992,"failureMessages":[],"meta":{}},{"ancestorTitles":["EdgeDeviceMonitor"],"fullName":"EdgeDeviceMonitor should track heartbeats","status":"passed","title":"should track heartbeats","duration":0.4750450011342764,"failureMessages":[],"meta":{}},{"ancestorTitles":["EdgeDeviceMonitor"],"fullName":"EdgeDeviceMonitor should filter devices by region","status":"passed","title":"should filter devices by region","duration":0.6366560012102127,"failureMessages":[],"meta":{}},{"ancestorTitles":["EdgeDeviceMonitor"],"fullName":"EdgeDeviceMonitor should get device statistics","status":"passed","title":"should get device statistics","duration":0.8853679988533258,"failureMessages":[],"meta":{}},{"ancestorTitles":["EventTimeline"],"fullName":"EventTimeline should add events","status":"passed","title":"should add events","duration":0.545269999653101,"failureMessages":[],"meta":{}},{"ancestorTitles":["EventTimeline"],"fullName":"EventTimeline should filter events by type","status":"passed","title":"should filter events by type","duration":0.5079699996858835,"failureMessages":[],"meta":{}},{"ancestorTitles":["EventTimeline"],"fullName":"EventTimeline should filter events by severity","status":"passed","title":"should filter events by severity","duration":0.4115720000118017,"failureMessages":[],"meta":{}},{"ancestorTitles":["EventTimeline"],"fullName":"EventTimeline should search events","status":"passed","title":"should search events","duration":0.49037699960172176,"failureMessages":[],"meta":{}},{"ancestorTitles":["EventTimeline"],"fullName":"EventTimeline should get events in time range","status":"passed","title":"should get events in time range","duration":0.40420000068843365,"failureMessages":[],"meta":{}},{"ancestorTitles":["EventTimeline"],"fullName":"EventTimeline should correlate events","status":"passed","title":"should correlate events","duration":0.5011890009045601,"failureMessages":[],"meta":{}},{"ancestorTitles":["EventTimeline"],"fullName":"EventTimeline should get timeline statistics","status":"passed","title":"should get timeline statistics","duration":0.7175939995795488,"failureMessages":[],"meta":{}},{"ancestorTitles":["EventTimeline"],"fullName":"EventTimeline should export events","status":"passed","title":"should export events","duration":0.465038999915123,"failureMessages":[],"meta":{}},{"ancestorTitles":["EventTimeline"],"fullName":"EventTimeline should clear old events","status":"passed","title":"should clear old events","duration":0.47859299927949905,"failureMessages":[],"meta":{}},{"ancestorTitles":["Integration Tests"],"fullName":"Integration Tests should integrate metrics with execution monitoring","status":"failed","title":"should integrate metrics with execution monitoring","duration":0.8156240005046129,"failureMessages":["AssertionError: expected 0 to be greater than 0\n    at /home/patrice/claude/workflow/src/__tests__/realTimeDashboard.test.ts:587:26\n    at file:///home/patrice/claude/workflow/node_modules/@vitest/runner/dist/chunk-hooks.js:155:11\n    at file:///home/patrice/claude/workflow/node_modules/@vitest/runner/dist/chunk-hooks.js:752:26\n    at file:///home/patrice/claude/workflow/node_modules/@vitest/runner/dist/chunk-hooks.js:1897:20\n    at new Promise (<anonymous>)\n    at runWithTimeout (file:///home/patrice/claude/workflow/node_modules/@vitest/runner/dist/chunk-hooks.js:1863:10)\n    at runTest (file:///home/patrice/claude/workflow/node_modules/@vitest/runner/dist/chunk-hooks.js:1574:12)\n    at runSuite (file:///home/patrice/claude/workflow/node_modules/@vitest/runner/dist/chunk-hooks.js:1729:8)\n    at runSuite (file:///home/patrice/claude/workflow/node_modules/@vitest/runner/dist/chunk-hooks.js:1729:8)\n    at runFiles (file:///home/patrice/claude/workflow/node_modules/@vitest/runner/dist/chunk-hooks.js:1787:3)"],"meta":{}},{"ancestorTitles":["Integration Tests"],"fullName":"Integration Tests should integrate agents with event timeline","status":"passed","title":"should integrate agents with event timeline","duration":0.3492479994893074,"failureMessages":[],"meta":{}}],"startTime":1762008908008,"endTime":1762008908035.8157,"status":"failed","message":"","name":"/home/patrice/claude/workflow/src/__tests__/realTimeDashboard.test.ts"},{"assertionResults":[],"startTime":1762008402676,"endTime":1762008402676,"status":"passed","message":"","name":"/home/patrice/claude/workflow/src/__tests__/security.comprehensive.test.ts"},{"assertionResults":[],"startTime":1762008402676,"endTime":1762008402676,"status":"passed","message":"","name":"/home/patrice/claude/workflow/src/__tests__/service-migration.test.ts"},{"assertionResults":[],"startTime":1762008402676,"endTime":1762008402676,"status":"passed","message":"","name":"/home/patrice/claude/workflow/src/__tests__/smoke.test.ts"},{"assertionResults":[],"startTime":1762008402676,"endTime":1762008402676,"status":"passed","message":"","name":"/home/patrice/claude/workflow/src/__tests__/stickyNotes.test.tsx"},{"assertionResults":[],"startTime":1762008402676,"endTime":1762008402676,"status":"passed","message":"","name":"/home/patrice/claude/workflow/src/__tests__/stickyNotesOverlap.test.ts"},{"assertionResults":[],"startTime":1762008402676,"endTime":1762008402676,"status":"passed","message":"","name":"/home/patrice/claude/workflow/src/__tests__/streaming.test.ts"},{"assertionResults":[],"startTime":1762008402676,"endTime":1762008402676,"status":"passed","message":"","name":"/home/patrice/claude/workflow/src/__tests__/taskrunner.test.ts"},{"assertionResults":[],"startTime":1762008402676,"endTime":1762008402676,"status":"passed","message":"","name":"/home/patrice/claude/workflow/src/__tests__/usersEndpoint.test.ts"},{"assertionResults":[],"startTime":1762008402676,"endTime":1762008402676,"status":"passed","message":"","name":"/home/patrice/claude/workflow/src/__tests__/web3Integration.test.ts"},{"assertionResults":[],"startTime":1762008402676,"endTime":1762008402676,"status":"passed","message":"","name":"/home/patrice/claude/workflow/src/__tests__/webhook-system.test.ts"},{"assertionResults":[],"startTime":1762008402676,"endTime":1762008402676,"status":"passed","message":"","name":"/home/patrice/claude/workflow/src/__tests__/webhookSignatureSecurity.test.ts"},{"assertionResults":[],"startTime":1762008402676,"endTime":1762008402676,"status":"passed","message":"","name":"/home/patrice/claude/workflow/src/__tests__/webhooksEndpoint.test.ts"},{"assertionResults":[],"startTime":1762008402676,"endTime":1762008402676,"status":"passed","message":"","name":"/home/patrice/claude/workflow/src/__tests__/workflow.e2e.test.ts"},{"assertionResults":[],"startTime":1762008402676,"endTime":1762008402676,"status":"passed","message":"","name":"/home/patrice/claude/workflow/src/__tests__/workflowSimulator.test.ts"},{"assertionResults":[],"startTime":1762008402676,"endTime":1762008402676,"status":"passed","message":"","name":"/home/patrice/claude/workflow/src/__tests__/workflowStore.comprehensive.test.ts"},{"assertionResults":[],"startTime":1762008402676,"endTime":1762008402676,"status":"passed","message":"","name":"/home/patrice/claude/workflow/src/__tests__/workflowsEndpoint.test.ts"},{"assertionResults":[],"startTime":1762008402676,"endTime":1762008402676,"status":"passed","message":"","name":"/home/patrice/claude/workflow/src/__tests__/analytics/AIRecommendations.test.ts"},{"assertionResults":[],"startTime":1762008402676,"endTime":1762008402676,"status":"passed","message":"","name":"/home/patrice/claude/workflow/src/__tests__/analytics/AdvancedAnalyticsEngine.test.ts"},{"assertionResults":[],"startTime":1762008402676,"endTime":1762008402676,"status":"passed","message":"","name":"/home/patrice/claude/workflow/src/__tests__/analytics/AnomalyDetection.test.ts"},{"assertionResults":[],"startTime":1762008402676,"endTime":1762008402676,"status":"passed","message":"","name":"/home/patrice/claude/workflow/src/__tests__/analytics/CostCalculator.test.ts"},{"assertionResults":[],"startTime":1762008402676,"endTime":1762008402676,"status":"passed","message":"","name":"/home/patrice/claude/workflow/src/__tests__/analytics/DataWarehouse.test.ts"},{"assertionResults":[],"startTime":1762008402676,"endTime":1762008402676,"status":"passed","message":"","name":"/home/patrice/claude/workflow/src/__tests__/analytics/MLModels.test.ts"},{"assertionResults":[],"startTime":1762008402676,"endTime":1762008402676,"status":"passed","message":"","name":"/home/patrice/claude/workflow/src/__tests__/analytics/PredictiveAnalytics.test.ts"},{"assertionResults":[],"startTime":1762008402676,"endTime":1762008402676,"status":"passed","message":"","name":"/home/patrice/claude/workflow/src/__tests__/api/credentials.test.ts"},{"assertionResults":[],"startTime":1762008402676,"endTime":1762008402676,"status":"passed","message":"","name":"/home/patrice/claude/workflow/src/__tests__/api/executions.test.ts"},{"assertionResults":[],"startTime":1762008402676,"endTime":1762008402676,"status":"passed","message":"","name":"/home/patrice/claude/workflow/src/__tests__/api/webhooks.test.ts"},{"assertionResults":[],"startTime":1762008402676,"endTime":1762008402676,"status":"passed","message":"","name":"/home/patrice/claude/workflow/src/__tests__/api/workflows.test.ts"},{"assertionResults":[],"startTime":1762008402676,"endTime":1762008402676,"status":"passed","message":"","name":"/home/patrice/claude/workflow/src/__tests__/auth/apiKey.test.ts"},{"assertionResults":[{"ancestorTitles":["AuthManager","JWT Token Management"],"fullName":"AuthManager JWT Token Management should successfully login with valid credentials","status":"passed","title":"should successfully login with valid credentials","duration":2.2637769989669323,"failureMessages":[],"meta":{}},{"ancestorTitles":["AuthManager","JWT Token Management"],"fullName":"AuthManager JWT Token Management should reject invalid credentials","status":"failed","title":"should reject invalid credentials","duration":2.0003019999712706,"failureMessages":["AssertionError: expected [Function] to throw error including 'Invalid credentials' but got 'Invalid email or password'\n    at _Assertion.<anonymous> (file:///home/patrice/claude/workflow/node_modules/@vitest/expect/dist/index.js:1420:16)\n    at _Assertion.<anonymous> (file:///home/patrice/claude/workflow/node_modules/@vitest/expect/dist/index.js:1029:14)\n    at _Assertion.methodWrapper (file:///home/patrice/claude/workflow/node_modules/chai/index.js:1686:25)\n    at file:///home/patrice/claude/workflow/node_modules/@vitest/expect/dist/index.js:1639:20\n    at /home/patrice/claude/workflow/src/__tests__/auth/authManager.test.ts:102:7\n    at file:///home/patrice/claude/workflow/node_modules/@vitest/runner/dist/chunk-hooks.js:752:20"],"meta":{}},{"ancestorTitles":["AuthManager","JWT Token Management"],"fullName":"AuthManager JWT Token Management should reject login for locked accounts","status":"failed","title":"should reject login for locked accounts","duration":1.3099819999188185,"failureMessages":["AssertionError: expected [Function] to throw error including 'Account is locked' but got 'Invalid email or password'\n    at _Assertion.<anonymous> (file:///home/patrice/claude/workflow/node_modules/@vitest/expect/dist/index.js:1420:16)\n    at _Assertion.<anonymous> (file:///home/patrice/claude/workflow/node_modules/@vitest/expect/dist/index.js:1029:14)\n    at _Assertion.methodWrapper (file:///home/patrice/claude/workflow/node_modules/chai/index.js:1686:25)\n    at file:///home/patrice/claude/workflow/node_modules/@vitest/expect/dist/index.js:1639:20\n    at /home/patrice/claude/workflow/src/__tests__/auth/authManager.test.ts:114:7\n    at file:///home/patrice/claude/workflow/node_modules/@vitest/runner/dist/chunk-hooks.js:752:20"],"meta":{}},{"ancestorTitles":["AuthManager","JWT Token Management"],"fullName":"AuthManager JWT Token Management should reject login for non-existent user","status":"failed","title":"should reject login for non-existent user","duration":0.8218559995293617,"failureMessages":["AssertionError: expected [Function] to throw error including 'Invalid credentials' but got 'Invalid email or password'\n    at _Assertion.<anonymous> (file:///home/patrice/claude/workflow/node_modules/@vitest/expect/dist/index.js:1420:16)\n    at _Assertion.<anonymous> (file:///home/patrice/claude/workflow/node_modules/@vitest/expect/dist/index.js:1029:14)\n    at _Assertion.methodWrapper (file:///home/patrice/claude/workflow/node_modules/chai/index.js:1686:25)\n    at file:///home/patrice/claude/workflow/node_modules/@vitest/expect/dist/index.js:1639:20\n    at /home/patrice/claude/workflow/src/__tests__/auth/authManager.test.ts:123:7\n    at file:///home/patrice/claude/workflow/node_modules/@vitest/runner/dist/chunk-hooks.js:752:20"],"meta":{}},{"ancestorTitles":["AuthManager","JWT Token Management"],"fullName":"AuthManager JWT Token Management should migrate old password hashes on successful login","status":"passed","title":"should migrate old password hashes on successful login","duration":1.133441999554634,"failureMessages":
[...]
ad","status":"passed","title":"should handle high load","duration":2.6250049993395805,"failureMessages":[],"meta":{}},{"ancestorTitles":["DistributedWorkerPool","Performance"],"fullName":"DistributedWorkerPool Performance should maintain performance under sustained load","status":"failed","title":"should maintain performance under sustained load","duration":8.821205999702215,"failureMessages":["AssertionError: expected 0 to be greater than 0\n    at /home/patrice/claude/workflow/src/services/scalability/__tests__/WorkerPool.test.ts:646:34\n    at file:///home/patrice/claude/workflow/node_modules/@vitest/runner/dist/chunk-hooks.js:752:20"],"meta":{}},{"ancestorTitles":["Edge Cases"],"fullName":"Edge Cases should handle zero workers config","status":"passed","title":"should handle zero workers config","duration":0.6865750011056662,"failureMessages":[],"meta":{}},{"ancestorTitles":["Edge Cases"],"fullName":"Edge Cases should handle immediate stop after start","status":"passed","title":"should handle immediate stop after start","duration":0.7391800004988909,"failureMessages":[],"meta":{}},{"ancestorTitles":["Edge Cases"],"fullName":"Edge Cases should handle multiple start calls","status":"passed","title":"should handle multiple start calls","duration":0.73747400008142,"failureMessages":[],"meta":{}},{"ancestorTitles":["Edge Cases"],"fullName":"Edge Cases should handle multiple stop calls","status":"passed","title":"should handle multiple stop calls","duration":1.243325000628829,"failureMessages":[],"meta":{}}],"startTime":1762008844180,"endTime":1762008874477.2434,"status":"failed","message":"","name":"/home/patrice/claude/workflow/src/services/scalability/__tests__/WorkerPool.test.ts"},{"assertionResults":[{"ancestorTitles":["Scalability Infrastructure Integration Tests","ScalabilityManager Integration"],"fullName":"Scalability Infrastructure Integration Tests ScalabilityManager Integration should initialize all services correctly","status":"passed","title":"should initialize all services correctly","duration":0,"failureMessages":[],"meta":{}},{"ancestorTitles":["Scalability Infrastructure Integration Tests","ScalabilityManager Integration"],"fullName":"Scalability Infrastructure Integration Tests ScalabilityManager Integration should handle service failures gracefully","status":"passed","title":"should handle service failures gracefully","duration":0,"failureMessages":[],"meta":{}},{"ancestorTitles":["Scalability Infrastructure Integration Tests","ScalabilityManager Integration"],"fullName":"Scalability Infrastructure Integration Tests ScalabilityManager Integration should coordinate between services","status":"failed","title":"should coordinate between services","duration":0,"failureMessages":["Error: No available nodes\n    at __vite_ssr_import_1__.withErrorHandling.operation (/home/patrice/claude/workflow/src/services/scalability/LoadBalancer.ts:408:17)\n    at Module.withErrorHandling (/home/patrice/claude/workflow/src/utils/SharedPatterns.ts:94:20)\n    at IntelligentLoadBalancer.route (/home/patrice/claude/workflow/src/services/scalability/LoadBalancer.ts:402:12)"],"meta":{}},{"ancestorTitles":["Scalability Infrastructure Integration Tests","ScalabilityManager Integration"],"fullName":"Scalability Infrastructure Integration Tests ScalabilityManager Integration should emit monitoring events","status":"passed","title":"should emit monitoring events","duration":150,"failureMessages":[],"meta":{}},{"ancestorTitles":["Scalability Infrastructure Integration Tests","Worker Pool + Queue Integration"],"fullName":"Scalability Infrastructure Integration Tests Worker Pool + Queue Integration should process queue messages with worker pool","status":"failed","title":"should process queue messages with worker pool","duration":1000,"failureMessages":["Error: done() callback is deprecated, use promise instead\n    at context (file:///home/patrice/claude/workflow/node_modules/@vitest/runner/dist/chunk-hooks.js:1926:9)\n    at ScalabilityManager.<anonymous> (/home/patrice/claude/workflow/src/services/scalability/__tests__/integration.test.ts:165:9)\n    at ScalabilityManager.emit (/home/patrice/claude/workflow/node_modules/events/events.js:153:5)\n    at /home/patrice/claude/workflow/src/services/scalability/index.ts:374:12\n    at callTimer (file:///home/patrice/claude/workflow/node_modules/vitest/dist/chunks/vi.bdSIJ99Y.js:2211:25)\n    at doTickInner (file:///home/patrice/claude/workflow/node_modules/vitest/dist/chunks/vi.bdSIJ99Y.js:2814:30)\n    at Immediate.nextPromiseTick (file:///home/patrice/claude/workflow/node_modules/vitest/dist/chunks/vi.bdSIJ99Y.js:2875:26)\n    at processImmediate (node:internal/timers:476:21)"],"meta":{}},{"ancestorTitles":["Scalability Infrastructure Integration Tests","Worker Pool + Queue Integration"],"fullName":"Scalability Infrastructure Integration Tests Worker Pool + Queue Integration should handle backpressure between queue and workers","status":"failed","title":"should handle backpressure between queue and workers","duration":2000,"failureMessages":["Error: done() callback is deprecated, use promise instead\n    at context (file:///home/patrice/claude/workflow/node_modules/@vitest/runner/dist/chunk-hooks.js:1926:9)\n    at ScalabilityManager.<anonymous> (/home/patrice/claude/workflow/src/services/scalability/__tests__/integration.test.ts:165:9)\n    at ScalabilityManager.emit (/home/patrice/claude/workflow/node_modules/events/events.js:153:5)\n    at /home/patrice/claude/workflow/src/services/scalability/index.ts:374:12\n    at callTimer (file:///home/patrice/claude/workflow/node_modules/vitest/dist/chunks/vi.bdSIJ99Y.js:2211:25)\n    at doTickInner (file:///home/patrice/claude/workflow/node_modules/vitest/dist/chunks/vi.bdSIJ99Y.js:2814:30)\n    at Immediate.nextPromiseTick (file:///home/patrice/claude/workflow/node_modules/vitest/dist/chunks/vi.bdSIJ99Y.js:2875:26)\n    at processImmediate (node:internal/timers:476:21)"],"meta":{}},{"ancestorTitles":["Scalability Infrastructure Integration Tests","Load Balancer + Auto Scaler Integration"],"fullName":"Scalability Infrastructure Integration Tests Load Balancer + Auto Scaler Integration should scale nodes based on load balancer metrics","status":"failed","title":"should scale nodes based on load balancer metrics","duration":200,"failureMessages":["Error: done() callback is deprecated, use promise instead\n    at context (file:///home/patrice/claude/workflow/node_modules/@vitest/runner/dist/chunk-hooks.js:1926:9)\n    at ScalabilityManager.<anonymous> (/home/patrice/claude/workflow/src/services/scalability/__tests__/integration.test.ts:165:9)\n    at ScalabilityManager.emit (/home/patrice/claude/workflow/node_modules/events/events.js:153:5)\n    at /home/patrice/claude/workflow/src/services/scalability/index.ts:374:12\n    at callTimer (file:///home/patrice/claude/workflow/node_modules/vitest/dist/chunks/vi.bdSIJ99Y.js:2211:25)\n    at doTickInner (file:///home/patrice/claude/workflow/node_modules/vitest/dist/chunks/vi.bdSIJ99Y.js:2814:30)\n    at Immediate.nextPromiseTick (file:///home/patrice/claude/workflow/node_modules/vitest/dist/chunks/vi.bdSIJ99Y.js:2875:26)\n    at processImmediate (node:internal/timers:476:21)"],"meta":{}},{"ancestorTitles":["Scalability Infrastructure Integration Tests","Load Balancer + Auto Scaler Integration"],"fullName":"Scalability Infrastructure Integration Tests Load Balancer + Auto Scaler Integration should update load balancer when instances change","status":"failed","title":"should update load balancer when instances change","duration":200,"failureMessages":["Error: done() callback is deprecated, use promise instead\n    at context (file:///home/patrice/claude/workflow/node_modules/@vitest/runner/dist/chunk-hooks.js:1926:9)\n    at ScalabilityManager.<anonymous> (/home/patrice/claude/workflow/src/services/scalability/__tests__/integration.test.ts:165:9)\n    at ScalabilityManager.emit (/home/patrice/claude/workflow/node_modules/events/events.js:153:5)\n    at /home/patrice/claude/workflow/src/services/scalability/index.ts:374:12\n    at callTimer (file:///home/patrice/claude/workflow/node_modules/vitest/dist/chunks/vi.bdSIJ99Y.js:2211:25)\n    at doTickInner (file:///home/patrice/claude/workflow/node_modules/vitest/dist/chunks/vi.bdSIJ99Y.js:2814:30)\n    at Immediate.nextPromiseTick (file:///home/patrice/claude/workflow/node_modules/vitest/dist/chunks/vi.bdSIJ99Y.js:2875:26)\n    at processImmediate (node:internal/timers:476:21)"],"meta":{}},{"ancestorTitles":["Scalability Infrastructure Integration Tests","Full System Integration"],"fullName":"Scalability Infrastructure Integration Tests Full System Integration should handle end-to-end workflow","status":"failed","title":"should handle end-to-end workflow","duration":0,"failureMessages":["Error: No available nodes\n    at __vite_ssr_import_1__.withErrorHandling.operation (/home/patrice/claude/workflow/src/services/scalability/LoadBalancer.ts:408:17)\n    at Module.withErrorHandling (/home/patrice/claude/workflow/src/utils/SharedPatterns.ts:94:20)\n    at IntelligentLoadBalancer.route (/home/patrice/claude/workflow/src/services/scalability/LoadBalancer.ts:402:12)"],"meta":{}},{"ancestorTitles":["Scalability Infrastructure Integration Tests","Full System Integration"],"fullName":"Scalability Infrastructure Integration Tests Full System Integration should maintain performance under sustained load","status":"failed","title":"should maintain performance under sustained load","duration":0,"failureMessages":["Error: No available nodes\n    at __vite_ssr_import_1__.withErrorHandling.operation (/home/patrice/claude/workflow/src/services/scalability/LoadBalancer.ts:408:17)\n    at Module.withErrorHandling (/home/patrice/claude/workflow/src/utils/SharedPatterns.ts:94:20)\n    at IntelligentLoadBalancer.route (/home/patrice/claude/workflow/src/services/scalability/LoadBalancer.ts:402:12)"],"meta":{}},{"ancestorTitles":["Scalability Infrastructure Integration Tests","Full System Integration"],"fullName":"Scalability Infrastructure Integration Tests Full System Integration should recover from failures","status":"failed","title":"should recover from failures","duration":31000,"failureMessages":["Error: done() callback is deprecated, use promise instead\n    at context (file:///home/patrice/claude/workflow/node_modules/@vitest/runner/dist/chunk-hooks.js:1926:9)\n    at ScalabilityManager.<anonymous> (/home/patrice/claude/workflow/src/services/scalability/__tests__/integration.test.ts:165:9)\n    at ScalabilityManager.emit (/home/patrice/claude/workflow/node_modules/events/events.js:153:5)\n    at /home/patrice/claude/workflow/src/services/scalability/index.ts:374:12\n    at callTimer (file:///home/patrice/claude/workflow/node_modules/vitest/dist/chunks/vi.bdSIJ99Y.js:2211:25)\n    at doTickInner (file:///home/patrice/claude/workflow/node_modules/vitest/dist/chunks/vi.bdSIJ99Y.js:2814:30)\n    at Immediate.nextPromiseTick (file:///home/patrice/claude/workflow/node_modules/vitest/dist/chunks/vi.bdSIJ99Y.js:2875:26)\n    at processImmediate (node:internal/timers:476:21)"],"meta":{}},{"ancestorTitles":["Scalability Infrastructure Integration Tests","Performance Benchmarks"],"fullName":"Scalability Infrastructure Integration Tests Performance Benchmarks should meet performance targets","status":"failed","title":"should meet performance targets","duration":0,"failureMessages":["Error: No available nodes\n    at __vite_ssr_import_1__.withErrorHandling.operation (/home/patrice/claude/workflow/src/services/scalability/LoadBalancer.ts:408:17)\n    at Module.withErrorHandling (/home/patrice/claude/workflow/src/utils/SharedPatterns.ts:94:20)\n    at IntelligentLoadBalancer.route (/home/patrice/claude/workflow/src/services/scalability/LoadBalancer.ts:402:12)"],"meta":{}},{"ancestorTitles":["Scalability Infrastructure Integration Tests","Stress Testing"],"fullName":"Scalability Infrastructure Integration Tests Stress Testing should handle 1000 concurrent operations","status":"failed","title":"should handle 1000 concurrent operations","duration":0,"failureMessages":["AssertionError: expected 667 to be greater than 900\n    at /home/patrice/claude/workflow/src/services/scalability/__tests__/integration.test.ts:544:25\n    at file:///home/patrice/claude/workflow/node_modules/@vitest/runner/dist/chunk-hooks.js:752:20"],"meta":{}},{"ancestorTitles":["Scalability Infrastructure Integration Tests","Stress Testing"],"fullName":"Scalability Infrastructure Integration Tests Stress Testing should handle memory efficiently","status":"passed","title":"should handle memory efficiently","duration":0,"failureMessages":[],"meta":{}},{"ancestorTitles":["Scalability Infrastructure Integration Tests","Configuration Recommendations"],"fullName":"Scalability Infrastructure Integration Tests Configuration Recommendations should provide correct recommendations for different loads","status":"failed","title":"should provide correct recommendations for different loads","duration":0,"failureMessages":["AssertionError: expected true to be false // Object.is equality\n    at /home/patrice/claude/workflow/src/services/scalability/__tests__/integration.test.ts:594:44\n    at file:///home/patrice/claude/workflow/node_modules/@vitest/runner/dist/chunk-hooks.js:155:11\n    at file:///home/patrice/claude/workflow/node_modules/@vitest/runner/dist/chunk-hooks.js:752:26\n    at file:///home/patrice/claude/workflow/node_modules/@vitest/runner/dist/chunk-hooks.js:1897:20\n    at new Promise (<anonymous>)\n    at runWithTimeout (file:///home/patrice/claude/workflow/node_modules/@vitest/runner/dist/chunk-hooks.js:1863:10)\n    at runTest (file:///home/patrice/claude/workflow/node_modules/@vitest/runner/dist/chunk-hooks.js:1574:12)\n    at runSuite (file:///home/patrice/claude/workflow/node_modules/@vitest/runner/dist/chunk-hooks.js:1729:8)\n    at runSuite (file:///home/patrice/claude/workflow/node_modules/@vitest/runner/dist/chunk-hooks.js:1729:8)\n    at runSuite (file:///home/patrice/claude/workflow/node_modules/@vitest/runner/dist/chunk-hooks.js:1729:8)"],"meta":{}},{"ancestorTitles":["Scalability Infrastructure Integration Tests","GraphQL Federation Integration"],"fullName":"Scalability Infrastructure Integration Tests GraphQL Federation Integration should federate multiple services","status":"failed","title":"should federate multiple services","duration":0,"failureMessages":["Error: STACK_TRACE_ERROR\n    at task (file:///home/patrice/claude/workflow/node_modules/@vitest/runner/dist/chunk-hooks.js:638:27)\n    at Object.<anonymous> (file:///home/patrice/claude/workflow/node_modules/@vitest/runner/dist/chunk-hooks.js:662:16)\n    at Object.<anonymous> (file:///home/patrice/claude/workflow/node_modules/@vitest/runner/dist/chunk-hooks.js:458:28)\n    at Module.chain (file:///home/patrice/claude/workflow/node_modules/@vitest/runner/dist/chunk-hooks.js:369:14)\n    at /home/patrice/claude/workflow/src/services/scalability/__tests__/integration.test.ts:629:5\n    at file:///home/patrice/claude/workflow/node_modules/@vitest/runner/dist/chunk-hooks.js:734:40\n    at runWithSuite (file:///home/patrice/claude/workflow/node_modules/@vitest/runner/dist/chunk-hooks.js:1849:8)\n    at Object.collect (file:///home/patrice/claude/workflow/node_modules/@vitest/runner/dist/chunk-hooks.js:734:10)\n    at Object.collect (file:///home/patrice/claude/workflow/node_modules/@vitest/runner/dist/chunk-hooks.js:738:54)\n    at Object.collect (file:///home/patrice/claude/workflow/node_modules/@vitest/runner/dist/chunk-hooks.js:738:46)\n    at collectTests (file:///home/patrice/claude/workflow/node_modules/@vitest/runner/dist/chunk-hooks.js:1179:25)\n    at startTests (file:///home/patrice/claude/workflow/node_modules/@vitest/runner/dist/chunk-hooks.js:1817:17)\n    at file:///home/patrice/claude/workflow/node_modules/vitest/dist/chunks/runBaseTests.9Ij9_de-.js:117:26\n    at withEnv (file:///home/patrice/claude/workflow/node_modules/vitest/dist/chunks/runBaseTests.9Ij9_de-.js:84:3)\n    at run (file:///home/patrice/claude/workflow/node_modules/vitest/dist/chunks/runBaseTests.9Ij9_de-.js:109:2)"],"meta":{}},{"ancestorTitles":["Scalability Infrastructure Integration Tests","GraphQL Federation Integration"],"fullName":"Scalability Infrastructure Integration Tests GraphQL Federation Integration should execute federated queries","status":"passed","title":"should execute federated queries","duration":0,"failureMessages":[],"meta":{}},{"ancestorTitles":["Edge Cases and Error Scenarios"],"fullName":"Edge Cases and Error Scenarios should handle initialization failures gracefully","status":"failed","title":"should handle initialization failures gracefully","duration":6.718738999217749,"failureMessages":["Error: Worker creation failed\n    at t.<anonymous> (/home/patrice/claude/workflow/src/services/scalability/__tests__/integration.test.ts:737:13)\n    at new mockCall (file:///home/patrice/claude/workflow/node_modules/@vitest/spy/dist/index.js:96:15)\n    at new MockWorker (file:///home/patrice/claude/workflow/node_modules/tinyspy/dist/index.js:47:34)\n    at DistributedWorkerPool.createWorker (/home/patrice/claude/workflow/src/services/scalability/WorkerPool.ts:390:20)\n    at DistributedWorkerPool.createWorkers (/home/patrice/claude/workflow/src/services/scalability/WorkerPool.ts:317:26)\n    at __vite_ssr_import_1__.withErrorHandling.operation (/home/patrice/claude/workflow/src/services/scalability/WorkerPool.ts:139:20)\n    at Module.withErrorHandling (/home/patrice/claude/workflow/src/utils/SharedPatterns.ts:94:26)\n    at DistributedWorkerPool.start (/home/patrice/claude/workflow/src/services/scalability/WorkerPool.ts:134:11)\n    at ScalabilityManager.start (/home/patrice/claude/workflow/src/services/scalability/index.ts:177:20)\n    at /home/patrice/claude/workflow/src/services/scalability/__tests__/integration.test.ts:740:19"],"meta":{}},{"ancestorTitles":["Edge Cases and Error Scenarios"],"fullName":"Edge Cases and Error Scenarios should handle network partitions","status":"passed","title":"should handle network partitions","duration":0.3402410000562668,"failureMessages":[],"meta":{}},{"ancestorTitles":["Edge Cases and Error Scenarios"],"fullName":"Edge Cases and Error Scenarios should prevent resource exhaustion","status":"failed","title":"should prevent resource exhaustion","duration":2.2806069999933243,"failureMessages":["Error: Worker creation failed\n    at t.<anonymous> (/home/patrice/claude/workflow/src/services/scalability/__tests__/integration.test.ts:737:13)\n    at new mockCall (file:///home/patrice/claude/workflow/node_modules/@vitest/spy/dist/index.js:96:15)\n    at new MockWorker (file:///home/patrice/claude/workflow/node_modules/tinyspy/dist/index.js:47:34)\n    at DistributedWorkerPool.createWorker (/home/patrice/claude/workflow/src/services/scalability/WorkerPool.ts:390:20)\n    at DistributedWorkerPool.createWorkers (/home/patrice/claude/workflow/src/services/scalability/WorkerPool.ts:317:26)\n    at __vite_ssr_import_1__.withErrorHandling.operation (/home/patrice/claude/workflow/src/services/scalability/WorkerPool.ts:139:20)\n    at Module.withErrorHandling (/home/patrice/claude/workflow/src/utils/SharedPatterns.ts:94:26)\n    at DistributedWorkerPool.start (/home/patrice/claude/workflow/src/services/scalability/WorkerPool.ts:134:11)\n    at ScalabilityManager.start (/home/patrice/claude/workflow/src/services/scalability/index.ts:177:20)\n    at /home/patrice/claude/workflow/src/services/scalability/__tests__/integration.test.ts:771:19"],"meta":{}}],"startTime":1762008809795,"endTime":1762008844138.2805,"status":"failed","message":"","name":"/home/patrice/claude/workflow/src/services/scalability/__tests__/integration.test.ts"},{"assertionResults":[],"startTime":1762008402676,"endTime":1762008402676,"status":"passed","message":"","name":"/home/patrice/claude/workflow/src/backend/api/middleware/__tests__/rateLimiter.test.ts"}]}